<?xml version="1.0" encoding="UTF-8"?>
<testng-results skipped="0" failed="0" ignored="0" total="4" passed="4">
  <reporter-output>
  </reporter-output>
  <suite name="Default suite" duration-ms="110" started-at="2022-03-13T14:46:51 IST" finished-at="2022-03-13T14:46:52 IST">
    <groups>
      <group name="regressionTest">
        <method signature="OrganizationTest.deleteOrgTest()[pri:0, instance:com.crm.orgTest.OrganizationTest@4d41cee]" name="deleteOrgTest" class="com.crm.orgTest.OrganizationTest"/>
        <method signature="OrganizationTest.modifyOrgTest()[pri:0, instance:com.crm.orgTest.OrganizationTest@4d41cee]" name="modifyOrgTest" class="com.crm.orgTest.OrganizationTest"/>
        <method signature="OrganizationTest.updateOrgTest()[pri:0, instance:com.crm.orgTest.OrganizationTest@4d41cee]" name="updateOrgTest" class="com.crm.orgTest.OrganizationTest"/>
      </group> <!-- regressionTest -->
      <group name="smokeTest">
        <method signature="OrganizationTest.createOrgTest()[pri:0, instance:com.crm.orgTest.OrganizationTest@4d41cee]" name="createOrgTest" class="com.crm.orgTest.OrganizationTest"/>
      </group> <!-- smokeTest -->
    </groups>
    <test name="Default test" duration-ms="110" started-at="2022-03-13T14:46:51 IST" finished-at="2022-03-13T14:46:52 IST">
      <class name="com.crm.orgTest.OrganizationTest">
        <test-method status="PASS" signature="createOrgTest()[pri:0, instance:com.crm.orgTest.OrganizationTest@4d41cee]" name="createOrgTest" duration-ms="16" started-at="2022-03-13T14:46:51 IST" finished-at="2022-03-13T14:46:51 IST">
          <reporter-output>
          </reporter-output>
        </test-method> <!-- createOrgTest -->
        <test-method status="PASS" signature="deleteOrgTest()[pri:0, instance:com.crm.orgTest.OrganizationTest@4d41cee]" name="deleteOrgTest" duration-ms="3" started-at="2022-03-13T14:46:52 IST" finished-at="2022-03-13T14:46:52 IST">
          <reporter-output>
          </reporter-output>
        </test-method> <!-- deleteOrgTest -->
        <test-method status="PASS" signature="modifyOrgTest()[pri:0, instance:com.crm.orgTest.OrganizationTest@4d41cee]" name="modifyOrgTest" duration-ms="2" started-at="2022-03-13T14:46:52 IST" finished-at="2022-03-13T14:46:52 IST">
          <reporter-output>
          </reporter-output>
        </test-method> <!-- modifyOrgTest -->
        <test-method status="PASS" signature="updateOrgTest()[pri:0, instance:com.crm.orgTest.OrganizationTest@4d41cee]" name="updateOrgTest" duration-ms="3" started-at="2022-03-13T14:46:52 IST" finished-at="2022-03-13T14:46:52 IST">
          <reporter-output>
          </reporter-output>
        </test-method> <!-- updateOrgTest -->
      </class> <!-- com.crm.orgTest.OrganizationTest -->
    </test> <!-- Default test -->
  </suite> <!-- Default suite -->
</testng-results>
