<?xml version="1.0" encoding="UTF-8"?>
<!-- Generated by org.testng.reporters.JUnitXMLReporter -->
<testsuite hostname="DESKTOP-TDGKHGS" ignored="0" name="Default test" tests="4" failures="0" timestamp="2022-03-13T14:46:52 IST" time="0.11" errors="0">
  <testcase name="createOrgTest" time="0.016" classname="com.crm.orgTest.OrganizationTest"/>
  <testcase name="deleteOrgTest" time="0.003" classname="com.crm.orgTest.OrganizationTest"/>
  <testcase name="modifyOrgTest" time="0.002" classname="com.crm.orgTest.OrganizationTest"/>
  <testcase name="updateOrgTest" time="0.003" classname="com.crm.orgTest.OrganizationTest"/>
</testsuite> <!-- Default test -->
